<?xml version="1.0" encoding="UTF-8"?>
<testng-results skipped="0" failed="0" ignored="0" total="1" passed="1">
  <reporter-output>
  </reporter-output>
  <suite name="Default suite" duration-ms="11757" started-at="2019-06-03T07:08:20Z" finished-at="2019-06-03T07:08:32Z">
    <groups>
    </groups>
    <test name="Default test" duration-ms="11757" started-at="2019-06-03T07:08:20Z" finished-at="2019-06-03T07:08:32Z">
      <class name="page_object_model.main_wpc">
        <test-method status="PASS" signature="f()[pri:0, instance:page_object_model.main_wpc@68c4039c]" name="f" duration-ms="11718" started-at="2019-06-03T07:08:20Z" finished-at="2019-06-03T07:08:32Z">
          <reporter-output>
          </reporter-output>
        </test-method> <!-- f -->
      </class> <!-- page_object_model.main_wpc -->
    </test> <!-- Default test -->
  </suite> <!-- Default suite -->
</testng-results>
